

Processing Rails::InfoController#properties (for 127.0.0.1 at 2009-08-29 03:53:04) [GET]
  [4;36;1mSQL (0.3ms)[0m   [0;1m SELECT name
 FROM sqlite_master
 WHERE type = 'table' AND NOT name = 'sqlite_sequence'
[0m
Completed in 94ms (View: 16, DB: 0) | 200 OK [http://0.0.0.0/rails/info/properties]


Processing ApplicationController#index (for 127.0.0.1 at 2009-08-29 04:01:49) [GET]

ActionController::RoutingError (No route matches "/stylesheets/images/card.png" with {:method=>:get}):
  -e:2:in `load'
  -e:2

Rendering rescues/layout (not_found)
  [4;36;1mSQL (0.3ms)[0m   [0;1m SELECT name
 FROM sqlite_master
 WHERE type = 'table' AND NOT name = 'sqlite_sequence'
[0m
  [4;35;1mSQL (0.1ms)[0m   [0mselect sqlite_version(*)[0m
  [4;36;1mSQL (3.4ms)[0m   [0;1mCREATE TABLE "schema_migrations" ("version" varchar(255) NOT NULL) [0m
  [4;35;1mSQL (2.5ms)[0m   [0mCREATE UNIQUE INDEX "unique_schema_migrations" ON "schema_migrations" ("version")[0m
  [4;36;1mSQL (0.2ms)[0m   [0;1m SELECT name
 FROM sqlite_master
 WHERE type = 'table' AND NOT name = 'sqlite_sequence'
[0m
  [4;35;1mSQL (0.1ms)[0m   [0mSELECT version FROM schema_migrations[0m
Migrating to CreateUsers (20090829090707)
  [4;36;1mSQL (0.5ms)[0m   [0;1mCREATE TABLE "users" ("id" INTEGER PRIMARY KEY AUTOINCREMENT NOT NULL, "username" varchar(255), "email" varchar(255), "password" varchar(255), "created_at" datetime, "updated_at" datetime) [0m
  [4;35;1mSQL (0.2ms)[0m   [0mINSERT INTO schema_migrations (version) VALUES ('20090829090707')[0m
  [4;36;1mSQL (0.3ms)[0m   [0;1m SELECT name
 FROM sqlite_master
 WHERE type = 'table' AND NOT name = 'sqlite_sequence'
[0m
  [4;35;1mSQL (0.1ms)[0m   [0mSELECT version FROM schema_migrations[0m
  [4;36;1mSQL (0.1ms)[0m   [0;1m SELECT name
 FROM sqlite_master
 WHERE type = 'table' AND NOT name = 'sqlite_sequence'
[0m
  [4;35;1mSQL (0.0ms)[0m   [0mPRAGMA index_list("users")[0m
  [4;36;1mSQL (0.4ms)[0m   [0;1m SELECT name
 FROM sqlite_master
 WHERE type = 'table' AND NOT name = 'sqlite_sequence'
[0m
  [4;35;1mSQL (0.1ms)[0m   [0mSELECT version FROM schema_migrations[0m
Migrating to CreateUsers (20090829090707)
Migrating to CreateUserSessions (20090829091136)
  [4;36;1mSQL (0.1ms)[0m   [0;1mselect sqlite_version(*)[0m
  [4;35;1mSQL (0.5ms)[0m   [0mCREATE TABLE "user_sessions" ("id" INTEGER PRIMARY KEY AUTOINCREMENT NOT NULL, "username" varchar(255), "password" varchar(255), "created_at" datetime, "updated_at" datetime) [0m
  [4;36;1mSQL (0.1ms)[0m   [0;1mINSERT INTO schema_migrations (version) VALUES ('20090829091136')[0m
  [4;35;1mSQL (0.3ms)[0m   [0m SELECT name
 FROM sqlite_master
 WHERE type = 'table' AND NOT name = 'sqlite_sequence'
[0m
  [4;36;1mSQL (0.1ms)[0m   [0;1mSELECT version FROM schema_migrations[0m
  [4;35;1mSQL (0.2ms)[0m   [0m SELECT name
 FROM sqlite_master
 WHERE type = 'table' AND NOT name = 'sqlite_sequence'
[0m
  [4;36;1mSQL (0.0ms)[0m   [0;1mPRAGMA index_list("user_sessions")[0m
  [4;35;1mSQL (0.0ms)[0m   [0mPRAGMA index_list("users")[0m


Processing ApplicationController#index (for 127.0.0.1 at 2009-08-29 04:18:33) [GET]

ActionController::RoutingError (No route matches "/stylesheets/images/card.png" with {:method=>:get}):
  -e:2:in `load'
  -e:2

Rendering rescues/layout (not_found)


Processing ApplicationController#index (for 127.0.0.1 at 2009-08-29 04:18:34) [GET]

ActionController::RoutingError (No route matches "/stylesheets/images/card.png" with {:method=>:get}):
  -e:2:in `load'
  -e:2

Rendering rescues/layout (not_found)


Processing UsersController#index (for 127.0.0.1 at 2009-08-29 04:18:38) [GET]
  Parameters: {"action"=>"index", "controller"=>"users"}
  [4;35;1mSQL (0.5ms)[0m   [0m SELECT name
 FROM sqlite_master
 WHERE type = 'table' AND NOT name = 'sqlite_sequence'
[0m
  [4;36;1mSQL (0.2ms)[0m   [0;1m SELECT name
 FROM sqlite_master
 WHERE type = 'table' AND NOT name = 'sqlite_sequence'
[0m

NameError (undefined local variable or method `acts_as_authentic' for #<Class:0x265f390>):
  app/models/user.rb:2
  app/controllers/users_controller.rb:5:in `index'
  -e:2:in `load'
  -e:2

Rendered rescues/_trace (35.2ms)
Rendered rescues/_request_and_response (1.4ms)
Rendering rescues/layout (internal_server_error)


Processing UsersController#index (for 127.0.0.1 at 2009-08-29 04:19:07) [GET]
  Parameters: {"action"=>"index", "controller"=>"users"}
  [4;36;1mUser Load (0.1ms)[0m   [0;1mSELECT * FROM "users" [0m
Rendering template within layouts/users
Rendering users/index
Completed in 14ms (View: 7, DB: 0) | 200 OK [http://0.0.0.0/users]


Processing UsersController#new (for 127.0.0.1 at 2009-08-29 04:19:11) [GET]
  Parameters: {"action"=>"new", "controller"=>"users"}
Rendering template within layouts/users
Rendering users/new
Completed in 14ms (View: 7, DB: 0) | 200 OK [http://0.0.0.0/users/new]


Processing UsersController#create (for 127.0.0.1 at 2009-08-29 04:19:23) [POST]
  Parameters: {"user"=>{"username"=>"kylepowers", "password"=>"[FILTERED]", "email"=>"kylepowers@gmail.com"}, "commit"=>"Create", "action"=>"create", "authenticity_token"=>"TIOPgkXlniAQjvf2oXSGfAiaU+I9p2khU1IdXjKpHWs=", "controller"=>"users"}

NameError (undefined local variable or method `persistence_token' for #<User:0x241a1ac>):
  authlogic (2.1.1) lib/authlogic/acts_as_authentic/persistence_token.rb:62:in `reset_persistence_token?'
  app/controllers/users_controller.rb:37:in `create'
  -e:2:in `load'
  -e:2

Rendered rescues/_trace (102.0ms)
Rendered rescues/_request_and_response (1.4ms)
Rendering rescues/layout (internal_server_error)


Processing UsersController#create (for 127.0.0.1 at 2009-08-29 04:23:49) [POST]
  Parameters: {"user"=>{"username"=>"kylepowers", "password"=>"[FILTERED]", "email"=>"kylepowers@gmail.com"}, "commit"=>"Create", "action"=>"create", "authenticity_token"=>"TIOPgkXlniAQjvf2oXSGfAiaU+I9p2khU1IdXjKpHWs=", "controller"=>"users"}

NameError (undefined local variable or method `persistence_token' for #<User:0x25b4490>):
  authlogic (2.1.1) lib/authlogic/acts_as_authentic/persistence_token.rb:62:in `reset_persistence_token?'
  app/controllers/users_controller.rb:37:in `create'
  -e:2:in `load'
  -e:2

Rendered rescues/_trace (42.6ms)
Rendered rescues/_request_and_response (0.3ms)
Rendering rescues/layout (internal_server_error)


Processing UsersController#new (for 127.0.0.1 at 2009-08-29 14:53:09) [GET]
  Parameters: {"action"=>"new", "controller"=>"users"}
Rendering template within layouts/users
Rendering users/new
Completed in 10ms (View: 3, DB: 0) | 200 OK [http://0.0.0.0/users/new]


Processing UsersController#create (for 127.0.0.1 at 2009-08-29 14:53:10) [POST]
  Parameters: {"user"=>{"username"=>"kylepowers", "password"=>"[FILTERED]", "email"=>"kylepowers@gmail.com"}, "commit"=>"Create", "action"=>"create", "authenticity_token"=>"TIOPgkXlniAQjvf2oXSGfAiaU+I9p2khU1IdXjKpHWs=", "controller"=>"users"}

NameError (undefined local variable or method `persistence_token' for #<User:0x23fe0d8>):
  authlogic (2.1.1) lib/authlogic/acts_as_authentic/persistence_token.rb:62:in `reset_persistence_token?'
  app/controllers/users_controller.rb:37:in `create'
  -e:2:in `load'
  -e:2

Rendered rescues/_trace (104.5ms)
Rendered rescues/_request_and_response (0.3ms)
Rendering rescues/layout (internal_server_error)
  [4;36;1mSQL (0.6ms)[0m   [0;1m SELECT name
 FROM sqlite_master
 WHERE type = 'table' AND NOT name = 'sqlite_sequence'
[0m
  [4;36;1mSQL (0.4ms)[0m   [0;1m SELECT name
 FROM sqlite_master
 WHERE type = 'table' AND NOT name = 'sqlite_sequence'
[0m
  [4;35;1mSQL (0.1ms)[0m   [0mSELECT version FROM schema_migrations[0m
  [4;36;1mSQL (3.6ms)[0m   [0;1mDROP TABLE "users"[0m
  [4;35;1mSQL (3.0ms)[0m   [0mDELETE FROM schema_migrations WHERE version = '20090829090707'[0m
  [4;36;1mSQL (0.2ms)[0m   [0;1mselect sqlite_version(*)[0m
  [4;35;1mSQL (0.2ms)[0m   [0m SELECT name
 FROM sqlite_master
 WHERE type = 'table' AND NOT name = 'sqlite_sequence'
[0m
  [4;36;1mSQL (0.1ms)[0m   [0;1mSELECT version FROM schema_migrations[0m
  [4;35;1mSQL (0.1ms)[0m   [0m SELECT name
 FROM sqlite_master
 WHERE type = 'table' AND NOT name = 'sqlite_sequence'
[0m
  [4;36;1mSQL (0.0ms)[0m   [0;1mPRAGMA index_list("user_sessions")[0m
  [4;36;1mSQL (0.4ms)[0m   [0;1m SELECT name
 FROM sqlite_master
 WHERE type = 'table' AND NOT name = 'sqlite_sequence'
[0m
  [4;35;1mSQL (0.1ms)[0m   [0mSELECT version FROM schema_migrations[0m
  [4;36;1mSQL (0.1ms)[0m   [0;1mselect sqlite_version(*)[0m
  [4;35;1mSQL (3.7ms)[0m   [0mCREATE TABLE "users" ("id" INTEGER PRIMARY KEY AUTOINCREMENT NOT NULL, "username" varchar(255), "email" varchar(255), "crypted_password" varchar(255), "password_salt" varchar(255), "persistence_token" varchar(255), "created_at" datetime, "updated_at" datetime) [0m
  [4;36;1mSQL (2.9ms)[0m   [0;1mINSERT INTO schema_migrations (version) VALUES ('20090829090707')[0m
  [4;35;1mSQL (0.2ms)[0m   [0m SELECT name
 FROM sqlite_master
 WHERE type = 'table' AND NOT name = 'sqlite_sequence'
[0m
  [4;36;1mSQL (0.1ms)[0m   [0;1mSELECT version FROM schema_migrations[0m
  [4;35;1mSQL (0.2ms)[0m   [0m SELECT name
 FROM sqlite_master
 WHERE type = 'table' AND NOT name = 'sqlite_sequence'
[0m
  [4;36;1mSQL (0.0ms)[0m   [0;1mPRAGMA index_list("user_sessions")[0m
  [4;35;1mSQL (0.0ms)[0m   [0mPRAGMA index_list("users")[0m


Processing ApplicationController#index (for 127.0.0.1 at 2009-08-29 15:02:08) [GET]

ActionController::RoutingError (No route matches "/stylesheets/images/card.png" with {:method=>:get}):
  -e:2:in `load'
  -e:2

Rendering rescues/layout (not_found)


Processing UsersController#index (for 127.0.0.1 at 2009-08-29 15:02:44) [GET]
  Parameters: {"action"=>"index", "controller"=>"users"}
  [4;35;1mUser Load (0.1ms)[0m   [0mSELECT * FROM "users" [0m
Rendering template within layouts/users
Rendering users/index
Completed in 10ms (View: 1, DB: 0) | 200 OK [http://localhost/users]


Processing UsersController#new (for 127.0.0.1 at 2009-08-29 15:02:46) [GET]
  Parameters: {"action"=>"new", "controller"=>"users"}
Rendering template within layouts/users
Rendering users/new
Completed in 11ms (View: 3, DB: 0) | 200 OK [http://localhost/users/new]


Processing UsersController#new (for 127.0.0.1 at 2009-08-29 15:04:40) [GET]
  Parameters: {"action"=>"new", "controller"=>"users"}
Rendering template within layouts/users
Rendering users/new
Completed in 14ms (View: 6, DB: 0) | 200 OK [http://localhost/users/new]


Processing UsersController#create (for 127.0.0.1 at 2009-08-29 15:04:46) [POST]
  Parameters: {"user"=>{"username"=>"kylepowers", "password"=>"[FILTERED]", "email"=>"kylepowers@gmail.com"}, "commit"=>"Create", "action"=>"create", "authenticity_token"=>"YicDLG+SNxb/F4bSVY8VlPBq3jD3A7hu3u4DAR/9dqg=", "controller"=>"users"}
  [4;36;1mUser Exists (0.2ms)[0m   [0;1mSELECT "users".id FROM "users" WHERE (LOWER("users"."email") = 'kylepowers@gmail.com') LIMIT 1[0m
  [4;35;1mUser Exists (0.1ms)[0m   [0mSELECT "users".id FROM "users" WHERE (LOWER("users"."username") = 'kylepowers') LIMIT 1[0m
  [4;36;1mUser Exists (0.1ms)[0m   [0;1mSELECT "users".id FROM "users" WHERE ("users"."persistence_token" = 'b8ed581c4c317b6936063ba2e705dfeb24d1815677493475f3129e4ff5e8ee4864a16eb29f14764888c7cf7fdb4b27efada39217c4eab7de94481b1680526bcb') LIMIT 1[0m
Rendering template within layouts/users
Rendering users/new
Completed in 289ms (View: 2, DB: 0) | 200 OK [http://localhost/users]


Processing UsersController#new (for 127.0.0.1 at 2009-08-29 15:06:29) [GET]
  Parameters: {"action"=>"new", "controller"=>"users"}
Rendering template within layouts/users
Rendering users/new
Completed in 15ms (View: 6, DB: 0) | 200 OK [http://localhost/users/new]


Processing UsersController#create (for 127.0.0.1 at 2009-08-29 15:06:36) [POST]
  Parameters: {"user"=>{"password_confirmation"=>"[FILTERED]", "username"=>"kylepowers", "password"=>"[FILTERED]", "email"=>"kylepowers@gmail.com"}, "commit"=>"Create", "action"=>"create", "authenticity_token"=>"YicDLG+SNxb/F4bSVY8VlPBq3jD3A7hu3u4DAR/9dqg=", "controller"=>"users"}
  [4;35;1mUser Exists (0.2ms)[0m   [0mSELECT "users".id FROM "users" WHERE (LOWER("users"."email") = 'kylepowers@gmail.com') LIMIT 1[0m
  [4;36;1mUser Exists (0.1ms)[0m   [0;1mSELECT "users".id FROM "users" WHERE (LOWER("users"."username") = 'kylepowers') LIMIT 1[0m
  [4;35;1mUser Exists (0.1ms)[0m   [0mSELECT "users".id FROM "users" WHERE ("users"."persistence_token" = 'abe133d23a91125626ee30e65bfa986b03c8a56f2e68deef629e5b5b849eade9bd63b2ae9858f67b772d710bdfb20a06ca2e768a2d23d17c953a8bcdfa3f60e2') LIMIT 1[0m
  [4;36;1mUser Create (0.4ms)[0m   [0;1mINSERT INTO "users" ("updated_at", "crypted_password", "username", "password_salt", "persistence_token", "email", "created_at") VALUES('2009-08-29 20:06:36', 'c46258649a7b2c559b7aa91499b975b7940e8e6ec4a5ed0941f310fe977a54e9dfbb5b3ba8c60e88fe4e46d21e40545248d20ded7bc1930bce27b6e392bcdc32', 'kylepowers', 'AZfYJqxg4_GyqFvZvjs6', 'abe133d23a91125626ee30e65bfa986b03c8a56f2e68deef629e5b5b849eade9bd63b2ae9858f67b772d710bdfb20a06ca2e768a2d23d17c953a8bcdfa3f60e2', 'kylepowers@gmail.com', '2009-08-29 20:06:36')[0m
Redirected to http://localhost:3002/
Completed in 25ms (DB: 1) | 302 Found [http://localhost/users]


Processing ApplicationController#index (for 127.0.0.1 at 2009-08-29 15:06:36) [GET]

ActionController::RoutingError (No route matches "/stylesheets/images/card.png" with {:method=>:get}):
  -e:2:in `load'
  -e:2

Rendering rescues/layout (not_found)


Processing UsersController#index (for 127.0.0.1 at 2009-08-29 15:06:42) [GET]
  Parameters: {"action"=>"index", "controller"=>"users"}
  [4;35;1mUser Load (0.2ms)[0m   [0mSELECT * FROM "users" [0m
Rendering template within layouts/users
Rendering users/index
Completed in 11ms (View: 3, DB: 0) | 200 OK [http://localhost/users]


Processing UsersController#show (for 127.0.0.1 at 2009-08-29 15:06:47) [GET]
  Parameters: {"action"=>"show", "id"=>"1", "controller"=>"users"}
  [4;36;1mUser Load (0.2ms)[0m   [0;1mSELECT * FROM "users" WHERE ("users"."id" = 1) [0m
Rendering template within layouts/users
Rendering users/show
Completed in 71ms (View: 62, DB: 0) | 200 OK [http://localhost/users/1]


Processing UsersController#index (for 127.0.0.1 at 2009-08-29 15:06:50) [GET]
  Parameters: {"action"=>"index", "controller"=>"users"}
  [4;35;1mUser Load (0.2ms)[0m   [0mSELECT * FROM "users" [0m
Rendering template within layouts/users
Rendering users/index
Completed in 12ms (View: 3, DB: 0) | 200 OK [http://localhost/users]


Processing UserSessionsController#new (for 127.0.0.1 at 2009-08-29 15:07:55) [GET]
  Parameters: {"action"=>"new", "controller"=>"user_sessions"}
Rendering template within layouts/user_sessions
Rendering user_sessions/new
Completed in 19ms (View: 7, DB: 0) | 200 OK [http://localhost/login]


Processing UserSessionsController#new (for 127.0.0.1 at 2009-08-29 15:10:52) [GET]
  Parameters: {"action"=>"new", "controller"=>"user_sessions"}
Rendering template within layouts/user_sessions
Rendering user_sessions/new
Completed in 14ms (View: 4, DB: 0) | 200 OK [http://localhost/login]


Processing UserSessionsController#create (for 127.0.0.1 at 2009-08-29 15:10:56) [POST]
  Parameters: {"commit"=>"Create", "user_session"=>{"username"=>"kylepowers", "password"=>"[FILTERED]"}, "action"=>"create", "authenticity_token"=>"YicDLG+SNxb/F4bSVY8VlPBq3jD3A7hu3u4DAR/9dqg=", "controller"=>"user_sessions"}
  [4;36;1mUser Load (0.3ms)[0m   [0;1mSELECT * FROM "users" WHERE (LOWER("users".username) = 'kylepowers') LIMIT 1[0m
Redirected to http://localhost:3002/
Completed in 15ms (DB: 0) | 302 Found [http://localhost/user_sessions]


Processing ApplicationController#index (for 127.0.0.1 at 2009-08-29 15:10:56) [GET]

ActionController::RoutingError (No route matches "/stylesheets/images/card.png" with {:method=>:get}):
  -e:2:in `load'
  -e:2

Rendering rescues/layout (not_found)


Processing UserSessionsController#destroy (for 127.0.0.1 at 2009-08-29 15:11:05) [GET]
  Parameters: {"action"=>"destroy", "controller"=>"user_sessions"}
  [4;35;1mUser Load (0.3ms)[0m   [0mSELECT * FROM "users" WHERE ("users"."id" = '1') LIMIT 1[0m
Redirected to http://localhost:3002/
Completed in 32ms (DB: 0) | 302 Found [http://localhost/logout]


Processing ApplicationController#index (for 127.0.0.1 at 2009-08-29 15:11:05) [GET]

ActionController::RoutingError (No route matches "/stylesheets/images/card.png" with {:method=>:get}):
  -e:2:in `load'
  -e:2

Rendering rescues/layout (not_found)


Processing UserSessionsController#new (for 127.0.0.1 at 2009-08-29 15:11:16) [GET]
  Parameters: {"action"=>"new", "controller"=>"user_sessions"}
Rendering template within layouts/user_sessions
Rendering user_sessions/new
Completed in 13ms (View: 2, DB: 0) | 200 OK [http://localhost/login]


Processing UserSessionsController#create (for 127.0.0.1 at 2009-08-29 15:11:34) [POST]
  Parameters: {"commit"=>"Create", "user_session"=>{"username"=>"kylepowers", "password"=>"[FILTERED]"}, "action"=>"create", "authenticity_token"=>"YicDLG+SNxb/F4bSVY8VlPBq3jD3A7hu3u4DAR/9dqg=", "controller"=>"user_sessions"}
  [4;36;1mUser Load (0.3ms)[0m   [0;1mSELECT * FROM "users" WHERE (LOWER("users".username) = 'kylepowers') LIMIT 1[0m
Rendering template within layouts/user_sessions
Rendering user_sessions/new
Completed in 18ms (View: 3, DB: 0) | 200 OK [http://localhost/user_sessions]


Processing UserSessionsController#create (for 127.0.0.1 at 2009-08-29 15:11:41) [POST]
  Parameters: {"commit"=>"Create", "user_session"=>{"username"=>"kylepowers", "password"=>"[FILTERED]"}, "action"=>"create", "authenticity_token"=>"YicDLG+SNxb/F4bSVY8VlPBq3jD3A7hu3u4DAR/9dqg=", "controller"=>"user_sessions"}
  [4;35;1mUser Load (0.3ms)[0m   [0mSELECT * FROM "users" WHERE (LOWER("users".username) = 'kylepowers') LIMIT 1[0m
Rendering template within layouts/user_sessions
Rendering user_sessions/new
Completed in 17ms (View: 3, DB: 0) | 200 OK [http://localhost/user_sessions]


Processing UserSessionsController#create (for 127.0.0.1 at 2009-08-29 15:15:17) [POST]
  Parameters: {"commit"=>"Create", "user_session"=>{"username"=>"kylepowers", "password"=>"[FILTERED]"}, "action"=>"create", "authenticity_token"=>"YicDLG+SNxb/F4bSVY8VlPBq3jD3A7hu3u4DAR/9dqg=", "controller"=>"user_sessions"}
  [4;36;1mUser Load (0.3ms)[0m   [0;1mSELECT * FROM "users" WHERE (LOWER("users".username) = 'kylepowers') LIMIT 1[0m
Redirected to http://localhost:3002/
Completed in 20ms (DB: 0) | 302 Found [http://localhost/user_sessions]


Processing ApplicationController#index (for 127.0.0.1 at 2009-08-29 15:15:17) [GET]

ActionController::RoutingError (No route matches "/stylesheets/images/card.png" with {:method=>:get}):
  -e:2:in `load'
  -e:2

Rendering rescues/layout (not_found)


Processing UsersController#index (for 127.0.0.1 at 2009-08-29 15:28:38) [GET]
  Parameters: {"action"=>"index", "controller"=>"users"}
  [4;35;1mUser Load (0.2ms)[0m   [0mSELECT * FROM "users" [0m
Rendering template within layouts/users
Rendering users/index
Completed in 12ms (View: 3, DB: 0) | 200 OK [http://localhost/]
** SubdomainFu: initialized properly
